2022-08-28 22:59:50.239 [restartedMain] INFO  cn.violin.home.book.GEstateApplication - Starting GEstateApplication using Java 11.0.2 on DESKTOP-DQSF08N with PID 35304 (E:\Project\violin-book\target\classes started by simpl in E:\Project\violin-book)
2022-08-28 22:59:50.241 [restartedMain] INFO  cn.violin.home.book.GEstateApplication - The following profiles are active: dev
2022-08-28 22:59:52.348 [restartedMain] INFO  org.apache.coyote.http11.Http11NioProtocol - Initializing ProtocolHandler ["http-nio-8080"]
2022-08-28 22:59:52.348 [restartedMain] INFO  org.apache.catalina.core.StandardService - Starting service [Tomcat]
2022-08-28 22:59:52.348 [restartedMain] INFO  org.apache.catalina.core.StandardEngine - Starting Servlet engine: [Apache Tomcat/9.0.48]
2022-08-28 22:59:52.444 [restartedMain] INFO  o.a.c.c.ContainerBase.[Tomcat].[localhost].[/auth] - Initializing Spring embedded WebApplicationContext
2022-08-28 22:59:52.475 [restartedMain] INFO  com.zaxxer.hikari.HikariDataSource - HikariPool-1 - Starting...
2022-08-28 22:59:52.660 [restartedMain] INFO  com.zaxxer.hikari.HikariDataSource - HikariPool-1 - Start completed.
2022-08-28 22:59:52.803 [restartedMain] INFO  org.hibernate.jpa.internal.util.LogHelper - HHH000204: Processing PersistenceUnitInfo [name: default]
2022-08-28 22:59:52.843 [restartedMain] INFO  org.hibernate.Version - HHH000412: Hibernate ORM core version 5.4.32.Final
2022-08-28 22:59:52.949 [restartedMain] INFO  org.hibernate.annotations.common.Version - HCANN000001: Hibernate Commons Annotations {5.1.2.Final}
2022-08-28 22:59:53.047 [restartedMain] INFO  org.hibernate.dialect.Dialect - HHH000400: Using dialect: org.hibernate.dialect.H2Dialect
2022-08-28 22:59:53.535 [restartedMain] INFO  o.h.e.t.jta.platform.internal.JtaPlatformInitiator - HHH000490: Using JtaPlatform implementation: [org.hibernate.engine.transaction.jta.platform.internal.NoJtaPlatform]
2022-08-28 22:59:53.651 [restartedMain] INFO  org.mongodb.driver.cluster - Cluster created with settings {hosts=[localhost:27017], mode=SINGLE, requiredClusterType=UNKNOWN, serverSelectionTimeout='30000 ms'}
2022-08-28 22:59:53.699 [cluster-ClusterId{value='630b82e9822e0d74872efd47', description='null'}-localhost:27017] INFO  org.mongodb.driver.connection - Opened connection [connectionId{localValue:1, serverValue:85}] to localhost:27017
2022-08-28 22:59:53.699 [cluster-rtt-ClusterId{value='630b82e9822e0d74872efd47', description='null'}-localhost:27017] INFO  org.mongodb.driver.connection - Opened connection [connectionId{localValue:2, serverValue:86}] to localhost:27017
2022-08-28 22:59:53.701 [cluster-ClusterId{value='630b82e9822e0d74872efd47', description='null'}-localhost:27017] INFO  org.mongodb.driver.cluster - Monitor thread successfully connected to server with description ServerDescription{address=localhost:27017, type=STANDALONE, state=CONNECTED, ok=true, minWireVersion=0, maxWireVersion=13, maxDocumentSize=16777216, logicalSessionTimeoutMinutes=30, roundTripTimeNanos=14916900}
2022-08-28 22:59:54.758 [restartedMain] INFO  org.apache.coyote.http11.Http11NioProtocol - Starting ProtocolHandler ["http-nio-8080"]
2022-08-28 22:59:54.783 [restartedMain] INFO  cn.violin.home.book.GEstateApplication - Started GEstateApplication in 5.064 seconds (JVM running for 5.594)
2022-08-28 23:02:04.488 [restartedMain] INFO  cn.violin.home.book.GEstateApplication - Starting GEstateApplication using Java 11.0.2 on DESKTOP-DQSF08N with PID 25912 (E:\Project\violin-book\target\classes started by simpl in E:\Project\violin-book)
2022-08-28 23:02:04.491 [restartedMain] INFO  cn.violin.home.book.GEstateApplication - The following profiles are active: dev
2022-08-28 23:02:06.355 [restartedMain] INFO  org.apache.coyote.http11.Http11NioProtocol - Initializing ProtocolHandler ["http-nio-8080"]
2022-08-28 23:02:06.356 [restartedMain] INFO  org.apache.catalina.core.StandardService - Starting service [Tomcat]
2022-08-28 23:02:06.356 [restartedMain] INFO  org.apache.catalina.core.StandardEngine - Starting Servlet engine: [Apache Tomcat/9.0.48]
2022-08-28 23:02:06.485 [restartedMain] INFO  o.a.c.c.ContainerBase.[Tomcat].[localhost].[/auth] - Initializing Spring embedded WebApplicationContext
2022-08-28 23:02:06.522 [restartedMain] INFO  com.zaxxer.hikari.HikariDataSource - HikariPool-1 - Starting...
2022-08-28 23:02:06.731 [restartedMain] INFO  com.zaxxer.hikari.HikariDataSource - HikariPool-1 - Start completed.
2022-08-28 23:02:06.890 [restartedMain] INFO  org.hibernate.jpa.internal.util.LogHelper - HHH000204: Processing PersistenceUnitInfo [name: default]
2022-08-28 23:02:06.935 [restartedMain] INFO  org.hibernate.Version - HHH000412: Hibernate ORM core version 5.4.32.Final
2022-08-28 23:02:07.049 [restartedMain] INFO  org.hibernate.annotations.common.Version - HCANN000001: Hibernate Commons Annotations {5.1.2.Final}
2022-08-28 23:02:07.148 [restartedMain] INFO  org.hibernate.dialect.Dialect - HHH000400: Using dialect: org.hibernate.dialect.H2Dialect
2022-08-28 23:02:07.648 [restartedMain] INFO  o.h.e.t.jta.platform.internal.JtaPlatformInitiator - HHH000490: Using JtaPlatform implementation: [org.hibernate.engine.transaction.jta.platform.internal.NoJtaPlatform]
2022-08-28 23:02:07.765 [restartedMain] INFO  org.mongodb.driver.cluster - Cluster created with settings {hosts=[localhost:27017], mode=SINGLE, requiredClusterType=UNKNOWN, serverSelectionTimeout='30000 ms'}
2022-08-28 23:02:07.814 [cluster-ClusterId{value='630b836fa01bc8095b729837', description='null'}-localhost:27017] INFO  org.mongodb.driver.connection - Opened connection [connectionId{localValue:1, serverValue:88}] to localhost:27017
2022-08-28 23:02:07.814 [cluster-rtt-ClusterId{value='630b836fa01bc8095b729837', description='null'}-localhost:27017] INFO  org.mongodb.driver.connection - Opened connection [connectionId{localValue:2, serverValue:87}] to localhost:27017
2022-08-28 23:02:07.816 [cluster-ClusterId{value='630b836fa01bc8095b729837', description='null'}-localhost:27017] INFO  org.mongodb.driver.cluster - Monitor thread successfully connected to server with description ServerDescription{address=localhost:27017, type=STANDALONE, state=CONNECTED, ok=true, minWireVersion=0, maxWireVersion=13, maxDocumentSize=16777216, logicalSessionTimeoutMinutes=30, roundTripTimeNanos=14936800}
2022-08-28 23:02:08.852 [restartedMain] INFO  org.apache.coyote.http11.Http11NioProtocol - Starting ProtocolHandler ["http-nio-8080"]
2022-08-28 23:02:08.876 [restartedMain] INFO  cn.violin.home.book.GEstateApplication - Started GEstateApplication in 4.864 seconds (JVM running for 5.405)
2022-08-28 23:03:23.255 [restartedMain] INFO  cn.violin.home.book.GEstateApplication - Starting GEstateApplication using Java 11.0.2 on DESKTOP-DQSF08N with PID 28800 (E:\Project\violin-book\target\classes started by simpl in E:\Project\violin-book)
2022-08-28 23:03:23.257 [restartedMain] INFO  cn.violin.home.book.GEstateApplication - The following profiles are active: dev
2022-08-28 23:03:25.149 [restartedMain] INFO  org.apache.coyote.http11.Http11NioProtocol - Initializing ProtocolHandler ["http-nio-8080"]
2022-08-28 23:03:25.150 [restartedMain] INFO  org.apache.catalina.core.StandardService - Starting service [Tomcat]
2022-08-28 23:03:25.150 [restartedMain] INFO  org.apache.catalina.core.StandardEngine - Starting Servlet engine: [Apache Tomcat/9.0.48]
2022-08-28 23:03:25.257 [restartedMain] INFO  o.a.c.c.ContainerBase.[Tomcat].[localhost].[/auth] - Initializing Spring embedded WebApplicationContext
2022-08-28 23:03:25.288 [restartedMain] INFO  com.zaxxer.hikari.HikariDataSource - HikariPool-1 - Starting...
2022-08-28 23:03:25.483 [restartedMain] INFO  com.zaxxer.hikari.HikariDataSource - HikariPool-1 - Start completed.
2022-08-28 23:03:25.630 [restartedMain] INFO  org.hibernate.jpa.internal.util.LogHelper - HHH000204: Processing PersistenceUnitInfo [name: default]
2022-08-28 23:03:25.673 [restartedMain] INFO  org.hibernate.Version - HHH000412: Hibernate ORM core version 5.4.32.Final
2022-08-28 23:03:25.782 [restartedMain] INFO  org.hibernate.annotations.common.Version - HCANN000001: Hibernate Commons Annotations {5.1.2.Final}
2022-08-28 23:03:25.877 [restartedMain] INFO  org.hibernate.dialect.Dialect - HHH000400: Using dialect: org.hibernate.dialect.H2Dialect
2022-08-28 23:03:26.374 [restartedMain] INFO  o.h.e.t.jta.platform.internal.JtaPlatformInitiator - HHH000490: Using JtaPlatform implementation: [org.hibernate.engine.transaction.jta.platform.internal.NoJtaPlatform]
2022-08-28 23:03:26.508 [restartedMain] INFO  org.mongodb.driver.cluster - Cluster created with settings {hosts=[localhost:27017], mode=SINGLE, requiredClusterType=UNKNOWN, serverSelectionTimeout='30000 ms'}
2022-08-28 23:03:26.557 [cluster-ClusterId{value='630b83be6a31c72a2787dc0f', description='null'}-localhost:27017] INFO  org.mongodb.driver.connection - Opened connection [connectionId{localValue:2, serverValue:89}] to localhost:27017
2022-08-28 23:03:26.557 [cluster-rtt-ClusterId{value='630b83be6a31c72a2787dc0f', description='null'}-localhost:27017] INFO  org.mongodb.driver.connection - Opened connection [connectionId{localValue:1, serverValue:90}] to localhost:27017
2022-08-28 23:03:26.558 [cluster-ClusterId{value='630b83be6a31c72a2787dc0f', description='null'}-localhost:27017] INFO  org.mongodb.driver.cluster - Monitor thread successfully connected to server with description ServerDescription{address=localhost:27017, type=STANDALONE, state=CONNECTED, ok=true, minWireVersion=0, maxWireVersion=13, maxDocumentSize=16777216, logicalSessionTimeoutMinutes=30, roundTripTimeNanos=14886800}
2022-08-28 23:03:27.616 [restartedMain] INFO  org.apache.coyote.http11.Http11NioProtocol - Starting ProtocolHandler ["http-nio-8080"]
2022-08-28 23:03:27.641 [restartedMain] INFO  cn.violin.home.book.GEstateApplication - Started GEstateApplication in 4.866 seconds (JVM running for 5.401)
2022-08-28 23:11:13.945 [http-nio-8080-exec-1] INFO  o.a.c.c.ContainerBase.[Tomcat].[localhost].[/auth] - Initializing Spring DispatcherServlet 'dispatcherServlet'
2022-08-28 23:11:22.442 [restartedMain] INFO  cn.violin.home.book.GEstateApplication - Starting GEstateApplication using Java 11.0.2 on DESKTOP-DQSF08N with PID 36704 (E:\Project\violin-book\target\classes started by simpl in E:\Project\violin-book)
2022-08-28 23:11:22.445 [restartedMain] INFO  cn.violin.home.book.GEstateApplication - The following profiles are active: dev
2022-08-28 23:11:24.457 [restartedMain] INFO  org.apache.coyote.http11.Http11NioProtocol - Initializing ProtocolHandler ["http-nio-8080"]
2022-08-28 23:11:24.457 [restartedMain] INFO  org.apache.catalina.core.StandardService - Starting service [Tomcat]
2022-08-28 23:11:24.458 [restartedMain] INFO  org.apache.catalina.core.StandardEngine - Starting Servlet engine: [Apache Tomcat/9.0.48]
2022-08-28 23:11:24.558 [restartedMain] INFO  o.a.c.c.ContainerBase.[Tomcat].[localhost].[/auth] - Initializing Spring embedded WebApplicationContext
2022-08-28 23:11:24.588 [restartedMain] INFO  com.zaxxer.hikari.HikariDataSource - HikariPool-1 - Starting...
2022-08-28 23:11:24.790 [restartedMain] INFO  com.zaxxer.hikari.HikariDataSource - HikariPool-1 - Start completed.
2022-08-28 23:11:24.939 [restartedMain] INFO  org.hibernate.jpa.internal.util.LogHelper - HHH000204: Processing PersistenceUnitInfo [name: default]
2022-08-28 23:11:24.984 [restartedMain] INFO  org.hibernate.Version - HHH000412: Hibernate ORM core version 5.4.32.Final
2022-08-28 23:11:25.102 [restartedMain] INFO  org.hibernate.annotations.common.Version - HCANN000001: Hibernate Commons Annotations {5.1.2.Final}
2022-08-28 23:11:25.213 [restartedMain] INFO  org.hibernate.dialect.Dialect - HHH000400: Using dialect: org.hibernate.dialect.H2Dialect
2022-08-28 23:11:25.770 [restartedMain] INFO  o.h.e.t.jta.platform.internal.JtaPlatformInitiator - HHH000490: Using JtaPlatform implementation: [org.hibernate.engine.transaction.jta.platform.internal.NoJtaPlatform]
2022-08-28 23:11:25.914 [restartedMain] INFO  org.mongodb.driver.cluster - Cluster created with settings {hosts=[localhost:27017], mode=SINGLE, requiredClusterType=UNKNOWN, serverSelectionTimeout='30000 ms'}
2022-08-28 23:11:25.974 [cluster-ClusterId{value='630b859d4d0b3f64a0d7625e', description='null'}-localhost:27017] INFO  org.mongodb.driver.connection - Opened connection [connectionId{localValue:1, serverValue:91}] to localhost:27017
2022-08-28 23:11:25.974 [cluster-rtt-ClusterId{value='630b859d4d0b3f64a0d7625e', description='null'}-localhost:27017] INFO  org.mongodb.driver.connection - Opened connection [connectionId{localValue:2, serverValue:92}] to localhost:27017
2022-08-28 23:11:25.975 [cluster-ClusterId{value='630b859d4d0b3f64a0d7625e', description='null'}-localhost:27017] INFO  org.mongodb.driver.cluster - Monitor thread successfully connected to server with description ServerDescription{address=localhost:27017, type=STANDALONE, state=CONNECTED, ok=true, minWireVersion=0, maxWireVersion=13, maxDocumentSize=16777216, logicalSessionTimeoutMinutes=30, roundTripTimeNanos=15885800}
2022-08-28 23:11:27.309 [restartedMain] INFO  org.apache.coyote.http11.Http11NioProtocol - Starting ProtocolHandler ["http-nio-8080"]
2022-08-28 23:11:27.339 [restartedMain] INFO  cn.violin.home.book.GEstateApplication - Started GEstateApplication in 5.469 seconds (JVM running for 6.141)
2022-08-28 23:11:33.525 [http-nio-8080-exec-1] INFO  o.a.c.c.ContainerBase.[Tomcat].[localhost].[/auth] - Initializing Spring DispatcherServlet 'dispatcherServlet'
2022-08-28 23:11:34.248 [http-nio-8080-exec-1] INFO  cn.violin.home.book.controller.OauthController - 121.913be120ade818c87d28af8208a52bda.YaYgWsIADq0o1aLNBFBXalBu4AEmNHf6rl9HdxS.TJssuQ
2022-08-28 23:11:34.495 [http-nio-8080-exec-1] INFO  cn.violin.home.book.controller.OauthController - Tenant(id=3272499474, account=simple321vip, tel=null, authority=0, avatarUrl=https://dss0.bdstatic.com/7Ls0a8Sm1A5BphGlnYG/sys/portrait/item/netdisk.1.5c06f21b.hdlkaHPwjAxDruQqP0QJLg.jpg, storageAccount=)
2022-08-28 23:11:34.537 [http-nio-8080-exec-1] INFO  org.mongodb.driver.connection - Opened connection [connectionId{localValue:3, serverValue:93}] to localhost:27017
2022-08-28 23:14:18.048 [SpringApplicationShutdownHook] INFO  org.mongodb.driver.connection - Closed connection [connectionId{localValue:3, serverValue:93}] to localhost:27017 because the pool has been closed.
2022-08-28 23:14:18.054 [SpringApplicationShutdownHook] INFO  com.zaxxer.hikari.HikariDataSource - HikariPool-1 - Shutdown initiated...
2022-08-28 23:14:18.057 [SpringApplicationShutdownHook] INFO  com.zaxxer.hikari.HikariDataSource - HikariPool-1 - Shutdown completed.
